Arguments: 
  C:\Program Files\nodejs\node.exe C:\Program Files (x86)\Yarn\bin\yarn.js add react-navigation

PATH: 
  C:\ProgramData\Oracle\Java\javapath;C:\WINDOWS\system32;C:\WINDOWS;C:\WINDOWS\System32\Wbem;C:\WINDOWS\System32\WindowsPowerShell\v1.0\;C:\Program Files\nodejs\;C:\xampp\php;C:\composer;C:\Program Files\Git\cmd;C:\Program Files (x86)\Yarn\bin\;C:\Users\Wandi\AppData\Local\Microsoft\WindowsApps;C:\Users\Wandi\AppData\Roaming\npm;C:\Users\Wandi\AppData\Roaming\Composer\vendor\bin;C:\Users\Wandi\AppData\Local\Yarn\bin

Yarn version: 
  1.5.1

Node version: 
  8.9.4

Platform: 
  win32 x64

npm manifest: 
  {
    "name": "Latihan1",
    "version": "0.1.0",
    "private": true,
    "devDependencies": {
      "eslint-config-rallycoding": "^3.2.0",
      "jest-expo": "25.0.0",
      "react-native-scripts": "1.11.1",
      "react-test-renderer": "16.2.0"
    },
    "main": "./node_modules/react-native-scripts/build/bin/crna-entry.js",
    "scripts": {
      "start": "react-native-scripts start",
      "eject": "react-native-scripts eject",
      "android": "react-native-scripts android",
      "ios": "react-native-scripts ios",
      "test": "node node_modules/jest/bin/jest.js"
    },
    "jest": {
      "preset": "jest-expo"
    },
    "dependencies": {
      "expo": "^25.0.0",
      "react": "16.2.0",
      "react-native": "0.52.0"
    }
  }

yarn manifest: 
  No manifest

Lockfile: 
  No lockfile

Trace: 
  Error: Couldn't find package "yargs@^8.0.2" required by "react-native-vector-icons@4.5.0" on the "npm" registry.
      at new MessageError (C:\Program Files (x86)\Yarn\lib\cli.js:186:110)
      at PackageRequest.<anonymous> (C:\Program Files (x86)\Yarn\lib\cli.js:36274:17)
      at Generator.throw (<anonymous>)
      at step (C:\Program Files (x86)\Yarn\lib\cli.js:98:30)
      at C:\Program Files (x86)\Yarn\lib\cli.js:111:13
      at <anonymous>
      at process._tickCallback (internal/process/next_tick.js:188:7)
